build1/social_share/intermediates/manifest_merge_blame_file/debug/manifest-merger-blame-debug-report.txt
1<?xml version="1.0" encoding="utf-8"?>
2<manifest xmlns:android="http://schemas.android.com/apk/res/android"
3    xmlns:tools="http://schemas.android.com/tools"
4    package="com.shekarmudaliyar.social_share" >
5
6    <uses-sdk
7        android:minSdkVersion="16"
7-->src\main\AndroidManifest.xml
8        android:targetSdkVersion="16" />
8-->src\main\AndroidManifest.xml
9
10    <meta-data
10-->src\main\AndroidManifest.xml:4:5-67
11        android:name="flutterEmbedding"
11-->src\main\AndroidManifest.xml:4:16-47
12        android:value="2" />
12-->src\main\AndroidManifest.xml:4:48-65
13
14</manifest>